Using pre-set license
Built from '2020.2/release' branch; Version is '2020.2.2f1 (068178b99f32) revision 426360'; Using compiler version '192528614'; Build Type 'Release'
OS: 'Windows 10 Home; OS build 18363.1379; Version 1909; 64bit' Language: 'es' Physical Memory: 8137 MB
BatchMode: 1, IsHumanControllingUs: 0, StartBugReporterOnCrash: 0, Is64bit: 1, IsPro: 0

 COMMAND LINE ARGUMENTS:
D:\Unity\2020.2.2f1\Editor\Unity.exe
-adb2
-batchMode
-noUpm
-name
AssetImportWorker1
-projectPath
G:/ProyectoLoki/ProyectoLoki/LokiProyect
-logFile
Logs/AssetImportWorker1.log
-srvPort
52362
Successfully changed project path to: G:/ProyectoLoki/ProyectoLoki/LokiProyect
G:/ProyectoLoki/ProyectoLoki/LokiProyect
Using Asset Import Pipeline V2.
Refreshing native plugins compatible for Editor in 106.14 ms, found 1 plugins.
Preloading 0 native plugins for Editor in 0.00 ms.
Initialize engine version: 2020.2.2f1 (068178b99f32)
[Subsystems] Discovering subsystems at path D:/Unity/2020.2.2f1/Editor/Data/Resources/UnitySubsystems
[Subsystems] Discovering subsystems at path G:/ProyectoLoki/ProyectoLoki/LokiProyect/Assets
GfxDevice: creating device client; threaded=0
Direct3D:
    Version:  Direct3D 11.0 [level 11.1]
    Renderer: NVIDIA GeForce GTX 970 (ID=0x13c2)
    Vendor:   
    VRAM:     4043 MB
    Driver:   27.21.14.6140
Shader 'Universal Render Pipeline/Particles/Lit': fallback shader 'Universal Render Pipeline/Particles/SimpleLit' not found
Initialize mono
Mono path[0] = 'D:/Unity/2020.2.2f1/Editor/Data/Managed'
Mono path[1] = 'D:/Unity/2020.2.2f1/Editor/Data/MonoBleedingEdge/lib/mono/unityjit'
Mono config path = 'D:/Unity/2020.2.2f1/Editor/Data/MonoBleedingEdge/etc'
Using monoOptions --debugger-agent=transport=dt_socket,embedding=1,server=y,suspend=n,address=127.0.0.1:56068
Begin MonoManager ReloadAssembly
Registering precompiled unity dll's ...
Register platform support module: D:/Unity/2020.2.2f1/Editor/Data/PlaybackEngines/WindowsStandaloneSupport/UnityEditor.WindowsStandalone.Extensions.dll
Registered in 0.000932 seconds.
Native extension for WindowsStandalone target not found
Refreshing native plugins compatible for Editor in 115.59 ms, found 1 plugins.
Preloading 0 native plugins for Editor in 0.00 ms.
Invoked RoslynAnalysisRunner static constructor.
RoslynAnalysisRunner will not be running.
RoslynAnalysisRunner has terminated.
Mono: successfully reloaded assembly
- Completed reload, in  6.000 seconds
Platform modules already initialized, skipping
Registering precompiled user dll's ...
Registered in 0.003493 seconds.
Begin MonoManager ReloadAssembly
Native extension for WindowsStandalone target not found
Refreshing native plugins compatible for Editor in 95.85 ms, found 1 plugins.
Preloading 0 native plugins for Editor in 0.00 ms.
Invoked RoslynAnalysisRunner static constructor.
RoslynAnalysisRunner will not be running.
RoslynAnalysisRunner has terminated.
Mono: successfully reloaded assembly
- Completed reload, in  1.117 seconds
Platform modules already initialized, skipping
========================================================================
Worker process is ready to serve import requests
Shader 'Universal Render Pipeline/Particles/Lit': fallback shader 'Universal Render Pipeline/Particles/SimpleLit' not found
Launched and connected shader compiler UnityShaderCompiler.exe after 0.24 seconds
Refreshing native plugins compatible for Editor in 0.94 ms, found 1 plugins.
Preloading 0 native plugins for Editor in 0.00 ms.
Unloading 3347 Unused Serialized files (Serialized files now loaded: 0)
System memory in use before: 151.9 MB.
System memory in use after: 151.9 MB.

Unloading 45 unused Assets to reduce memory usage. Loaded Objects now: 3791.
Total: 3.374200 ms (FindLiveObjects: 0.338400 ms CreateObjectMapping: 0.174600 ms MarkObjects: 2.635100 ms  DeleteObjects: 0.224900 ms)

========================================================================
Received Import Request.
  path: Assets/Prefab/fuego 1.prefab
  artifactKey: Guid(fc6053f49dad24343a67c644e0acf1c3) Importer(815301076,1909f56bfc062723c751e8b465ee728b)
Start importing Assets/Prefab/fuego 1.prefab using Guid(fc6053f49dad24343a67c644e0acf1c3) Importer(815301076,1909f56bfc062723c751e8b465ee728b)  -> (artifact id: '509ba84d2e7d540bff77949a501dcd92') in 0.299328 seconds
  Import took 0.465732 seconds .

========================================================================
Received Prepare
Registering precompiled user dll's ...
Registered in 0.003593 seconds.
Begin MonoManager ReloadAssembly
Native extension for WindowsStandalone target not found
Refreshing native plugins compatible for Editor in 1.02 ms, found 1 plugins.
Preloading 0 native plugins for Editor in 0.00 ms.
Invoked RoslynAnalysisRunner static constructor.
RoslynAnalysisRunner will not be running.
RoslynAnalysisRunner has terminated.
Mono: successfully reloaded assembly
- Completed reload, in  1.156 seconds
Platform modules already initialized, skipping
Shader 'Universal Render Pipeline/Particles/Lit': fallback shader 'Universal Render Pipeline/Particles/SimpleLit' not found
Refreshing native plugins compatible for Editor in 1.14 ms, found 1 plugins.
Preloading 0 native plugins for Editor in 0.00 ms.
Unloading 3197 Unused Serialized files (Serialized files now loaded: 0)
System memory in use before: 148.9 MB.
System memory in use after: 149.0 MB.

Unloading 33 unused Assets to reduce memory usage. Loaded Objects now: 3839.
Total: 4.215300 ms (FindLiveObjects: 0.372900 ms CreateObjectMapping: 0.274600 ms MarkObjects: 3.393500 ms  DeleteObjects: 0.173100 ms)

========================================================================
Received Import Request.
  Time since last request: 6.978849 seconds.
  path: Assets/Prefab/fuego 1.prefab
  artifactKey: Guid(fc6053f49dad24343a67c644e0acf1c3) Importer(815301076,1909f56bfc062723c751e8b465ee728b)
Start importing Assets/Prefab/fuego 1.prefab using Guid(fc6053f49dad24343a67c644e0acf1c3) Importer(815301076,1909f56bfc062723c751e8b465ee728b)  -> (artifact id: '137d48bfbdb94692108b1a5605e8731e') in 0.201157 seconds
  Import took 0.231882 seconds .

========================================================================
Received Import Request.
  Time since last request: 2.919329 seconds.
  path: Assets/Scenes/HordeMode.unity
  artifactKey: Guid(1470eabb25968d44fb108936d53f6d15) Importer(815301076,1909f56bfc062723c751e8b465ee728b)
Start importing Assets/Scenes/HordeMode.unity using Guid(1470eabb25968d44fb108936d53f6d15) Importer(815301076,1909f56bfc062723c751e8b465ee728b)  -> (artifact id: '19c384c3ee232e90cea46e355e0d7fad') in 0.003669 seconds
  Import took 0.028309 seconds .

========================================================================
Received Prepare
Registering precompiled user dll's ...
Registered in 0.003449 seconds.
Begin MonoManager ReloadAssembly
Native extension for WindowsStandalone target not found
Refreshing native plugins compatible for Editor in 1.08 ms, found 1 plugins.
Preloading 0 native plugins for Editor in 0.00 ms.
Invoked RoslynAnalysisRunner static constructor.
RoslynAnalysisRunner will not be running.
RoslynAnalysisRunner has terminated.
Mono: successfully reloaded assembly
- Completed reload, in  1.076 seconds
Platform modules already initialized, skipping
Shader 'Universal Render Pipeline/Particles/Lit': fallback shader 'Universal Render Pipeline/Particles/SimpleLit' not found
Refreshing native plugins compatible for Editor in 1.21 ms, found 1 plugins.
Preloading 0 native plugins for Editor in 0.00 ms.
Unloading 3197 Unused Serialized files (Serialized files now loaded: 0)
System memory in use before: 149.1 MB.
System memory in use after: 149.2 MB.

Unloading 33 unused Assets to reduce memory usage. Loaded Objects now: 3878.
Total: 3.517500 ms (FindLiveObjects: 0.471500 ms CreateObjectMapping: 0.236500 ms MarkObjects: 2.660300 ms  DeleteObjects: 0.148300 ms)

========================================================================
Received Import Request.
  Time since last request: 152.902048 seconds.
  path: Assets/Script/MenuHorda.cs
  artifactKey: Guid(7d986e763a277454eb134336414cfff3) Importer(815301076,1909f56bfc062723c751e8b465ee728b)
Start importing Assets/Script/MenuHorda.cs using Guid(7d986e763a277454eb134336414cfff3) Importer(815301076,1909f56bfc062723c751e8b465ee728b)  -> (artifact id: 'fa6aa7dfa67a85f9084e65b99948ac41') in 0.019138 seconds
  Import took 0.038283 seconds .

========================================================================
Received Prepare
Registering precompiled user dll's ...
Registered in 0.003920 seconds.
Begin MonoManager ReloadAssembly
Native extension for WindowsStandalone target not found
Refreshing native plugins compatible for Editor in 0.99 ms, found 1 plugins.
Preloading 0 native plugins for Editor in 0.00 ms.
Invoked RoslynAnalysisRunner static constructor.
RoslynAnalysisRunner will not be running.
RoslynAnalysisRunner has terminated.
Mono: successfully reloaded assembly
- Completed reload, in  1.020 seconds
Platform modules already initialized, skipping
Shader 'Universal Render Pipeline/Particles/Lit': fallback shader 'Universal Render Pipeline/Particles/SimpleLit' not found
Refreshing native plugins compatible for Editor in 0.93 ms, found 1 plugins.
Preloading 0 native plugins for Editor in 0.00 ms.
Unloading 3197 Unused Serialized files (Serialized files now loaded: 0)
System memory in use before: 149.1 MB.
System memory in use after: 149.2 MB.

Unloading 33 unused Assets to reduce memory usage. Loaded Objects now: 3881.
Total: 3.626800 ms (FindLiveObjects: 0.444900 ms CreateObjectMapping: 0.212600 ms MarkObjects: 2.810700 ms  DeleteObjects: 0.157500 ms)

========================================================================
Received Import Request.
  Time since last request: 16.281305 seconds.
  path: Assets/Script/MenuHorda.cs
  artifactKey: Guid(7d986e763a277454eb134336414cfff3) Importer(815301076,1909f56bfc062723c751e8b465ee728b)
Start importing Assets/Script/MenuHorda.cs using Guid(7d986e763a277454eb134336414cfff3) Importer(815301076,1909f56bfc062723c751e8b465ee728b)  -> (artifact id: '0492c306e1ef0945fa869718c4043c29') in 0.006780 seconds
  Import took 0.033433 seconds .

========================================================================
Received Import Request.
  Time since last request: 19.823362 seconds.
  path: Assets/Scenes/SampleScene.unity
  artifactKey: Guid(2cda990e2423bbf4892e6590ba056729) Importer(815301076,1909f56bfc062723c751e8b465ee728b)
Start importing Assets/Scenes/SampleScene.unity using Guid(2cda990e2423bbf4892e6590ba056729) Importer(815301076,1909f56bfc062723c751e8b465ee728b)  -> (artifact id: '6bb9d6fdfcb5964b91fc9e8dc793f239') in 0.016249 seconds
  Import took 0.131839 seconds .

========================================================================
Received Import Request.
  Time since last request: 69.592636 seconds.
  path: Assets/Script/PlayerDeathHorde.cs
  artifactKey: Guid(84a130b6c716ccc4daebd08130c49a31) Importer(815301076,1909f56bfc062723c751e8b465ee728b)
Start importing Assets/Script/PlayerDeathHorde.cs using Guid(84a130b6c716ccc4daebd08130c49a31) Importer(815301076,1909f56bfc062723c751e8b465ee728b)  -> (artifact id: 'e06d52797185ead54dbcbac05e880c88') in 0.009441 seconds
  Import took 0.026049 seconds .

========================================================================
Received Prepare
Registering precompiled user dll's ...
Registered in 0.003372 seconds.
Begin MonoManager ReloadAssembly
Native extension for WindowsStandalone target not found
Refreshing native plugins compatible for Editor in 1.03 ms, found 1 plugins.
Preloading 0 native plugins for Editor in 0.00 ms.
Invoked RoslynAnalysisRunner static constructor.
RoslynAnalysisRunner will not be running.
RoslynAnalysisRunner has terminated.
Mono: successfully reloaded assembly
- Completed reload, in  1.067 seconds
Platform modules already initialized, skipping
Shader 'Universal Render Pipeline/Particles/Lit': fallback shader 'Universal Render Pipeline/Particles/SimpleLit' not found
Refreshing native plugins compatible for Editor in 1.18 ms, found 1 plugins.
Preloading 0 native plugins for Editor in 0.00 ms.
Unloading 3198 Unused Serialized files (Serialized files now loaded: 0)
System memory in use before: 149.2 MB.
System memory in use after: 149.3 MB.

Unloading 33 unused Assets to reduce memory usage. Loaded Objects now: 3885.
Total: 4.109500 ms (FindLiveObjects: 1.043500 ms CreateObjectMapping: 0.341300 ms MarkObjects: 2.541500 ms  DeleteObjects: 0.182200 ms)

========================================================================
Received Prepare
Registering precompiled user dll's ...
Registered in 0.003247 seconds.
Begin MonoManager ReloadAssembly
Native extension for WindowsStandalone target not found
Refreshing native plugins compatible for Editor in 1.17 ms, found 1 plugins.
Preloading 0 native plugins for Editor in 0.00 ms.
Invoked RoslynAnalysisRunner static constructor.
RoslynAnalysisRunner will not be running.
RoslynAnalysisRunner has terminated.
Mono: successfully reloaded assembly
- Completed reload, in  1.065 seconds
Platform modules already initialized, skipping
Shader 'Universal Render Pipeline/Particles/Lit': fallback shader 'Universal Render Pipeline/Particles/SimpleLit' not found
Refreshing native plugins compatible for Editor in 1.22 ms, found 1 plugins.
Preloading 0 native plugins for Editor in 0.00 ms.
Unloading 3198 Unused Serialized files (Serialized files now loaded: 0)
System memory in use before: 149.2 MB.
System memory in use after: 149.3 MB.

Unloading 33 unused Assets to reduce memory usage. Loaded Objects now: 3888.
Total: 2.743100 ms (FindLiveObjects: 0.394500 ms CreateObjectMapping: 0.168300 ms MarkObjects: 2.040600 ms  DeleteObjects: 0.137900 ms)

========================================================================
Received Import Request.
  Time since last request: 31.050288 seconds.
  path: Assets/Script/PlayerDeathHorde.cs
  artifactKey: Guid(84a130b6c716ccc4daebd08130c49a31) Importer(815301076,1909f56bfc062723c751e8b465ee728b)
Start importing Assets/Script/PlayerDeathHorde.cs using Guid(84a130b6c716ccc4daebd08130c49a31) Importer(815301076,1909f56bfc062723c751e8b465ee728b)  -> (artifact id: '9e6e951e6f1ab1e558f2926c02eca446') in 0.007384 seconds
  Import took 0.022658 seconds .

========================================================================
Received Prepare
Registering precompiled user dll's ...
Registered in 0.006436 seconds.
Begin MonoManager ReloadAssembly
Native extension for WindowsStandalone target not found
Refreshing native plugins compatible for Editor in 1.21 ms, found 1 plugins.
Preloading 0 native plugins for Editor in 0.00 ms.
Invoked RoslynAnalysisRunner static constructor.
RoslynAnalysisRunner will not be running.
RoslynAnalysisRunner has terminated.
Mono: successfully reloaded assembly
- Completed reload, in  1.102 seconds
Platform modules already initialized, skipping
Shader 'Universal Render Pipeline/Particles/Lit': fallback shader 'Universal Render Pipeline/Particles/SimpleLit' not found
Refreshing native plugins compatible for Editor in 1.10 ms, found 1 plugins.
Preloading 0 native plugins for Editor in 0.00 ms.
Unloading 3198 Unused Serialized files (Serialized files now loaded: 0)
System memory in use before: 149.2 MB.
System memory in use after: 149.3 MB.

Unloading 33 unused Assets to reduce memory usage. Loaded Objects now: 3891.
Total: 4.316600 ms (FindLiveObjects: 1.027400 ms CreateObjectMapping: 0.236000 ms MarkObjects: 2.887300 ms  DeleteObjects: 0.164600 ms)

========================================================================
Received Prepare
Registering precompiled user dll's ...
Registered in 0.003292 seconds.
Begin MonoManager ReloadAssembly
Native extension for WindowsStandalone target not found
Refreshing native plugins compatible for Editor in 1.17 ms, found 1 plugins.
Preloading 0 native plugins for Editor in 0.00 ms.
Invoked RoslynAnalysisRunner static constructor.
RoslynAnalysisRunner will not be running.
RoslynAnalysisRunner has terminated.
Mono: successfully reloaded assembly
- Completed reload, in  0.980 seconds
Platform modules already initialized, skipping
Shader 'Universal Render Pipeline/Particles/Lit': fallback shader 'Universal Render Pipeline/Particles/SimpleLit' not found
Refreshing native plugins compatible for Editor in 1.11 ms, found 1 plugins.
Preloading 0 native plugins for Editor in 0.00 ms.
Unloading 3198 Unused Serialized files (Serialized files now loaded: 0)
System memory in use before: 149.2 MB.
System memory in use after: 149.3 MB.

Unloading 33 unused Assets to reduce memory usage. Loaded Objects now: 3894.
Total: 3.309600 ms (FindLiveObjects: 0.502200 ms CreateObjectMapping: 0.238400 ms MarkObjects: 2.431200 ms  DeleteObjects: 0.136400 ms)

AssetImportWorkerClient::OnTransportError - code=2 error=End of file
