Using pre-set license
Built from '2020.2/release' branch; Version is '2020.2.2f1 (068178b99f32) revision 426360'; Using compiler version '192528614'; Build Type 'Release'
OS: 'Windows 10 Home; OS build 18363.1379; Version 1909; 64bit' Language: 'es' Physical Memory: 8137 MB
BatchMode: 1, IsHumanControllingUs: 0, StartBugReporterOnCrash: 0, Is64bit: 1, IsPro: 0

 COMMAND LINE ARGUMENTS:
D:\Unity\2020.2.2f1\Editor\Unity.exe
-adb2
-batchMode
-noUpm
-name
AssetImportWorker0
-projectPath
G:/ProyectoLoki/ProyectoLoki/LokiProyect
-logFile
Logs/AssetImportWorker0.log
-srvPort
52235
Successfully changed project path to: G:/ProyectoLoki/ProyectoLoki/LokiProyect
G:/ProyectoLoki/ProyectoLoki/LokiProyect
Using Asset Import Pipeline V2.
Refreshing native plugins compatible for Editor in 107.10 ms, found 1 plugins.
Preloading 0 native plugins for Editor in 0.00 ms.
Initialize engine version: 2020.2.2f1 (068178b99f32)
[Subsystems] Discovering subsystems at path D:/Unity/2020.2.2f1/Editor/Data/Resources/UnitySubsystems
[Subsystems] Discovering subsystems at path G:/ProyectoLoki/ProyectoLoki/LokiProyect/Assets
GfxDevice: creating device client; threaded=0
Direct3D:
    Version:  Direct3D 11.0 [level 11.1]
    Renderer: NVIDIA GeForce GTX 970 (ID=0x13c2)
    Vendor:   
    VRAM:     4043 MB
    Driver:   27.21.14.6140
Shader 'Universal Render Pipeline/Particles/Lit': fallback shader 'Universal Render Pipeline/Particles/SimpleLit' not found
Initialize mono
Mono path[0] = 'D:/Unity/2020.2.2f1/Editor/Data/Managed'
Mono path[1] = 'D:/Unity/2020.2.2f1/Editor/Data/MonoBleedingEdge/lib/mono/unityjit'
Mono config path = 'D:/Unity/2020.2.2f1/Editor/Data/MonoBleedingEdge/etc'
Using monoOptions --debugger-agent=transport=dt_socket,embedding=1,server=y,suspend=n,address=127.0.0.1:56392
Begin MonoManager ReloadAssembly
Registering precompiled unity dll's ...
Register platform support module: D:/Unity/2020.2.2f1/Editor/Data/PlaybackEngines/WindowsStandaloneSupport/UnityEditor.WindowsStandalone.Extensions.dll
Registered in 0.000826 seconds.
Native extension for WindowsStandalone target not found
Refreshing native plugins compatible for Editor in 80.49 ms, found 1 plugins.
Preloading 0 native plugins for Editor in 0.00 ms.
Invoked RoslynAnalysisRunner static constructor.
RoslynAnalysisRunner will not be running.
RoslynAnalysisRunner has terminated.
Mono: successfully reloaded assembly
- Completed reload, in  0.853 seconds
Platform modules already initialized, skipping
Registering precompiled user dll's ...
Registered in 0.003572 seconds.
Begin MonoManager ReloadAssembly
Native extension for WindowsStandalone target not found
Refreshing native plugins compatible for Editor in 86.61 ms, found 1 plugins.
Preloading 0 native plugins for Editor in 0.00 ms.
Invoked RoslynAnalysisRunner static constructor.
RoslynAnalysisRunner will not be running.
RoslynAnalysisRunner has terminated.
Mono: successfully reloaded assembly
- Completed reload, in  1.072 seconds
Platform modules already initialized, skipping
========================================================================
Worker process is ready to serve import requests
Shader 'Universal Render Pipeline/Particles/Lit': fallback shader 'Universal Render Pipeline/Particles/SimpleLit' not found
Launched and connected shader compiler UnityShaderCompiler.exe after 0.09 seconds
Refreshing native plugins compatible for Editor in 0.92 ms, found 1 plugins.
Preloading 0 native plugins for Editor in 0.00 ms.
Unloading 3343 Unused Serialized files (Serialized files now loaded: 0)
System memory in use before: 151.7 MB.
System memory in use after: 151.8 MB.

Unloading 45 unused Assets to reduce memory usage. Loaded Objects now: 3787.
Total: 2.771700 ms (FindLiveObjects: 0.317700 ms CreateObjectMapping: 0.185300 ms MarkObjects: 2.049000 ms  DeleteObjects: 0.218900 ms)

========================================================================
Received Import Request.
  path: Assets/Script/PlayerDeath.cs
  artifactKey: Guid(5eee6482aaa5ce94cb1f12a89e768fee) Importer(815301076,1909f56bfc062723c751e8b465ee728b)
Start importing Assets/Script/PlayerDeath.cs using Guid(5eee6482aaa5ce94cb1f12a89e768fee) Importer(815301076,1909f56bfc062723c751e8b465ee728b)  -> (artifact id: 'af62ea56bbc17b14c474d0325562e1c1') in 0.046068 seconds
  Import took 0.089398 seconds .

========================================================================
Received Import Request.
  Time since last request: 81.788550 seconds.
  path: Assets/Script/Menu.cs
  artifactKey: Guid(f4b34da9473ef714db69a4dd99892cb9) Importer(815301076,1909f56bfc062723c751e8b465ee728b)
Start importing Assets/Script/Menu.cs using Guid(f4b34da9473ef714db69a4dd99892cb9) Importer(815301076,1909f56bfc062723c751e8b465ee728b)  -> (artifact id: '95621bca3f784bc33ed42e637d49c4a4') in 0.007877 seconds
  Import took 0.028151 seconds .

========================================================================
Received Prepare
Registering precompiled user dll's ...
Registered in 0.003022 seconds.
Begin MonoManager ReloadAssembly
Native extension for WindowsStandalone target not found
Refreshing native plugins compatible for Editor in 0.93 ms, found 1 plugins.
Preloading 0 native plugins for Editor in 0.00 ms.
Invoked RoslynAnalysisRunner static constructor.
RoslynAnalysisRunner will not be running.
RoslynAnalysisRunner has terminated.
Mono: successfully reloaded assembly
- Completed reload, in  0.862 seconds
Platform modules already initialized, skipping
Shader 'Universal Render Pipeline/Particles/Lit': fallback shader 'Universal Render Pipeline/Particles/SimpleLit' not found
Refreshing native plugins compatible for Editor in 0.95 ms, found 1 plugins.
Preloading 0 native plugins for Editor in 0.00 ms.
Unloading 3194 Unused Serialized files (Serialized files now loaded: 0)
System memory in use before: 143.6 MB.
System memory in use after: 143.8 MB.

Unloading 33 unused Assets to reduce memory usage. Loaded Objects now: 3791.
Total: 2.718200 ms (FindLiveObjects: 0.333100 ms CreateObjectMapping: 0.150900 ms MarkObjects: 2.067200 ms  DeleteObjects: 0.166200 ms)

AssetImportWorkerClient::OnTransportError - code=2 error=End of file
